cd ~/sched/workspace/SumSat; nice -n 19 python demo.py -c BeamWalk -p NK -a rLS -f mean -i 0 -s 1 -w 20 -n 1000 -k 2 -q 0 &
cd ~/sched/workspace/SumSat; nice -n 19 python demo.py -c BeamWalk -p NK -a rLS -f mean -i 0 -s 1 -w 30 -n 1000 -k 2 -q 0 &
cd ~/sched/workspace/SumSat; nice -n 19 python demo.py -c BeamWalk -p NKQ -a rLS -f mean -i 0 -s 1 -w 25 -n 1000 -k 2 -q 2 &
cd ~/sched/workspace/SumSat; nice -n 19 python demo.py -c BeamWalk -p NK -a rLS -f mean -i 0 -s 1 -w 1 -n 2000 -k 2 -q 0 &
cd ~/sched/workspace/SumSat; nice -n 19 python demo.py -c BeamWalkNext -p NKQ -a rLS -f fit -i 0 -s 1 -w 10 -n 100 -k 4 -q 2 &
cd ~/sched/workspace/SumSat; nice -n 19 python demo.py -c BeamWalkNext -p NK -a rLS -f mean -i 0 -s 1 -w 10 -n 100 -k 4 -q 0 &
cd ~/sched/workspace/SumSat; nice -n 19 python demo.py -c BeamWalk -p NK -a rLS -f mean -i 0 -s 1 -w 40 -n 100 -k 4 -q 0 &
cd ~/sched/workspace/SumSat; nice -n 19 python demo.py -c BeamWalk -p NK -a rLS -f mean -i 0 -s 1 -w 45 -n 100 -k 4 -q 0 &
cd ~/sched/workspace/SumSat; nice -n 19 python demo.py -c BeamWalk -p NK -a rLS -f mean -i 0 -s 1 -w 50 -n 100 -k 4 -q 0 &
cd ~/sched/workspace/SumSat; nice -n 19 python demo.py -c BeamWalk -p NKQ -a rLS -f mean -i 0 -s 1 -w 1 -n 100 -k 4 -q 2 &
cd ~/sched/workspace/SumSat; nice -n 19 python demo.py -c BeamWalk -p NKQ -a rLS -f mean -i 0 -s 1 -w 5 -n 100 -k 4 -q 2 &
cd ~/sched/workspace/SumSat; nice -n 19 python demo.py -c BeamWalk -p NKQ -a rLS -f mean -i 0 -s 1 -w 10 -n 100 -k 4 -q 2 &
cd ~/sched/workspace/SumSat; nice -n 19 python demo.py -c BeamWalk -p NKQ -a rLS -f mean -i 0 -s 1 -w 15 -n 100 -k 4 -q 2 &
cd ~/sched/workspace/SumSat; nice -n 19 python demo.py -c BeamWalk -p NKQ -a rLS -f mean -i 0 -s 1 -w 20 -n 100 -k 4 -q 2 &
cd ~/sched/workspace/SumSat; nice -n 19 python demo.py -c BeamWalk -p NKQ -a rLS -f mean -i 0 -s 1 -w 25 -n 100 -k 4 -q 2 &
cd ~/sched/workspace/SumSat; nice -n 19 python demo.py -c BeamWalk -p NKQ -a rLS -f mean -i 0 -s 1 -w 30 -n 100 -k 4 -q 2 &
cd ~/sched/workspace/SumSat; nice -n 19 python demo.py -c BeamWalk -p NKQ -a rLS -f mean -i 0 -s 1 -w 35 -n 100 -k 4 -q 2 &
cd ~/sched/workspace/SumSat; nice -n 19 python demo.py -c BeamWalk -p NKQ -a rLS -f mean -i 0 -s 1 -w 40 -n 100 -k 4 -q 2 &
cd ~/sched/workspace/SumSat; nice -n 19 python demo.py -c BeamWalk -p NKQ -a rLS -f mean -i 0 -s 1 -w 45 -n 100 -k 4 -q 2 &
cd ~/sched/workspace/SumSat; nice -n 19 python demo.py -c BeamWalk -p NKQ -a rLS -f mean -i 0 -s 1 -w 50 -n 100 -k 4 -q 2 &
cd ~/sched/workspace/SumSat; nice -n 19 python demo.py -c BeamWalkNext -p NK -a rLS -f fit -i 0 -s 1 -w 1 -n 200 -k 4 -q 0 &
cd ~/sched/workspace/SumSat; nice -n 19 python demo.py -c BeamWalkNext -p NK -a rLS -f fit -i 0 -s 1 -w 5 -n 200 -k 4 -q 0 &
cd ~/sched/workspace/SumSat; nice -n 19 python demo.py -c BeamWalkNext -p NK -a rLS -f fit -i 0 -s 1 -w 10 -n 200 -k 4 -q 0 &
cd ~/sched/workspace/SumSat; nice -n 19 python demo.py -c BeamWalkNext -p NK -a rLS -f fit -i 0 -s 1 -w 15 -n 200 -k 4 -q 0 &
cd ~/sched/workspace/SumSat; nice -n 19 python demo.py -c BeamWalkNext -p NK -a rLS -f fit -i 0 -s 1 -w 20 -n 200 -k 4 -q 0 &
cd ~/sched/workspace/SumSat; nice -n 19 python demo.py -c BeamWalkNext -p NK -a rLS -f fit -i 0 -s 1 -w 25 -n 200 -k 4 -q 0 &
cd ~/sched/workspace/SumSat; nice -n 19 python demo.py -c BeamWalkNext -p NK -a rLS -f fit -i 0 -s 1 -w 30 -n 200 -k 4 -q 0 &
cd ~/sched/workspace/SumSat; nice -n 19 python demo.py -c BeamWalkNext -p NK -a rLS -f fit -i 0 -s 1 -w 35 -n 200 -k 4 -q 0 &
cd ~/sched/workspace/SumSat; nice -n 19 python demo.py -c BeamWalkNext -p NK -a rLS -f fit -i 0 -s 1 -w 40 -n 200 -k 4 -q 0 &
cd ~/sched/workspace/SumSat; nice -n 19 python demo.py -c BeamWalkNext -p NK -a rLS -f fit -i 0 -s 1 -w 45 -n 200 -k 4 -q 0 &
cd ~/sched/workspace/SumSat; nice -n 19 python demo.py -c BeamWalkNext -p NK -a rLS -f fit -i 0 -s 1 -w 50 -n 200 -k 4 -q 0 &
cd ~/sched/workspace/SumSat; nice -n 19 python demo.py -c BeamWalkNext -p NKQ -a rLS -f fit -i 0 -s 1 -w 1 -n 200 -k 4 -q 2 &
cd ~/sched/workspace/SumSat; nice -n 19 python demo.py -c BeamWalkNext -p NKQ -a rLS -f fit -i 0 -s 1 -w 5 -n 200 -k 4 -q 2 &
cd ~/sched/workspace/SumSat; nice -n 19 python demo.py -c BeamWalkNext -p NKQ -a rLS -f fit -i 0 -s 1 -w 10 -n 200 -k 4 -q 2 &
cd ~/sched/workspace/SumSat; nice -n 19 python demo.py -c BeamWalkNext -p NKQ -a rLS -f fit -i 0 -s 1 -w 15 -n 200 -k 4 -q 2 &
cd ~/sched/workspace/SumSat; nice -n 19 python demo.py -c BeamWalkNext -p NKQ -a rLS -f fit -i 0 -s 1 -w 20 -n 200 -k 4 -q 2 &
cd ~/sched/workspace/SumSat; nice -n 19 python demo.py -c BeamWalkNext -p NKQ -a rLS -f fit -i 0 -s 1 -w 25 -n 200 -k 4 -q 2 &
cd ~/sched/workspace/SumSat; nice -n 19 python demo.py -c BeamWalkNext -p NKQ -a rLS -f fit -i 0 -s 1 -w 30 -n 200 -k 4 -q 2 &
cd ~/sched/workspace/SumSat; nice -n 19 python demo.py -c BeamWalkNext -p NKQ -a rLS -f fit -i 0 -s 1 -w 35 -n 200 -k 4 -q 2 &
cd ~/sched/workspace/SumSat; nice -n 19 python demo.py -c BeamWalkNext -p NKQ -a rLS -f fit -i 0 -s 1 -w 40 -n 200 -k 4 -q 2 &
cd ~/sched/workspace/SumSat; nice -n 19 python demo.py -c BeamWalkNext -p NKQ -a rLS -f fit -i 0 -s 1 -w 45 -n 200 -k 4 -q 2 &
cd ~/sched/workspace/SumSat; nice -n 19 python demo.py -c BeamWalkNext -p NKQ -a rLS -f fit -i 0 -s 1 -w 50 -n 200 -k 4 -q 2 &
cd ~/sched/workspace/SumSat; nice -n 19 python demo.py -c BeamWalk -p NK -a rLS -f fit -i 0 -s 1 -w 1 -n 200 -k 4 -q 0 &
cd ~/sched/workspace/SumSat; nice -n 19 python demo.py -c BeamWalk -p NK -a rLS -f fit -i 0 -s 1 -w 5 -n 200 -k 4 -q 0 &
cd ~/sched/workspace/SumSat; nice -n 19 python demo.py -c BeamWalk -p NK -a rLS -f fit -i 0 -s 1 -w 10 -n 200 -k 4 -q 0 &
cd ~/sched/workspace/SumSat; nice -n 19 python demo.py -c BeamWalk -p NK -a rLS -f fit -i 0 -s 1 -w 15 -n 200 -k 4 -q 0 &
cd ~/sched/workspace/SumSat; nice -n 19 python demo.py -c BeamWalk -p NK -a rLS -f fit -i 0 -s 1 -w 20 -n 200 -k 4 -q 0 &
cd ~/sched/workspace/SumSat; nice -n 19 python demo.py -c BeamWalk -p NK -a rLS -f fit -i 0 -s 1 -w 25 -n 200 -k 4 -q 0 &
cd ~/sched/workspace/SumSat; nice -n 19 python demo.py -c BeamWalk -p NK -a rLS -f fit -i 0 -s 1 -w 30 -n 200 -k 4 -q 0 &
cd ~/sched/workspace/SumSat; nice -n 19 python demo.py -c BeamWalk -p NK -a rLS -f fit -i 0 -s 1 -w 35 -n 200 -k 4 -q 0 &
cd ~/sched/workspace/SumSat; nice -n 19 python demo.py -c BeamWalk -p NK -a rLS -f fit -i 0 -s 1 -w 40 -n 200 -k 4 -q 0 &
cd ~/sched/workspace/SumSat; nice -n 19 python demo.py -c BeamWalk -p NK -a rLS -f fit -i 0 -s 1 -w 45 -n 200 -k 4 -q 0 &
cd ~/sched/workspace/SumSat; nice -n 19 python demo.py -c BeamWalk -p NK -a rLS -f fit -i 0 -s 1 -w 50 -n 200 -k 4 -q 0 &
cd ~/sched/workspace/SumSat; nice -n 19 python demo.py -c BeamWalk -p NKQ -a rLS -f fit -i 0 -s 1 -w 1 -n 200 -k 4 -q 2 &
cd ~/sched/workspace/SumSat; nice -n 19 python demo.py -c BeamWalk -p NKQ -a rLS -f fit -i 0 -s 1 -w 5 -n 200 -k 4 -q 2 &
cd ~/sched/workspace/SumSat; nice -n 19 python demo.py -c BeamWalk -p NKQ -a rLS -f fit -i 0 -s 1 -w 10 -n 200 -k 4 -q 2 &
cd ~/sched/workspace/SumSat; nice -n 19 python demo.py -c BeamWalk -p NKQ -a rLS -f fit -i 0 -s 1 -w 15 -n 200 -k 4 -q 2 &
cd ~/sched/workspace/SumSat; nice -n 19 python demo.py -c BeamWalk -p NKQ -a rLS -f fit -i 0 -s 1 -w 20 -n 200 -k 4 -q 2 &
cd ~/sched/workspace/SumSat; nice -n 19 python demo.py -c BeamWalk -p NKQ -a rLS -f fit -i 0 -s 1 -w 25 -n 200 -k 4 -q 2 &
cd ~/sched/workspace/SumSat; nice -n 19 python demo.py -c BeamWalk -p NKQ -a rLS -f fit -i 0 -s 1 -w 30 -n 200 -k 4 -q 2 &
cd ~/sched/workspace/SumSat; nice -n 19 python demo.py -c BeamWalk -p NKQ -a rLS -f fit -i 0 -s 1 -w 35 -n 200 -k 4 -q 2 &
cd ~/sched/workspace/SumSat; nice -n 19 python demo.py -c BeamWalk -p NKQ -a rLS -f fit -i 0 -s 1 -w 40 -n 200 -k 4 -q 2 &
cd ~/sched/workspace/SumSat; nice -n 19 python demo.py -c BeamWalk -p NKQ -a rLS -f fit -i 0 -s 1 -w 45 -n 200 -k 4 -q 2 &
cd ~/sched/workspace/SumSat; nice -n 19 python demo.py -c BeamWalk -p NKQ -a rLS -f fit -i 0 -s 1 -w 50 -n 200 -k 4 -q 2 &
cd ~/sched/workspace/SumSat; nice -n 19 python demo.py -c BeamWalkNext -p NK -a rLS -f mean -i 0 -s 1 -w 1 -n 200 -k 4 -q 0 &
cd ~/sched/workspace/SumSat; nice -n 19 python demo.py -c BeamWalkNext -p NK -a rLS -f mean -i 0 -s 1 -w 5 -n 200 -k 4 -q 0 &
cd ~/sched/workspace/SumSat; nice -n 19 python demo.py -c BeamWalkNext -p NK -a rLS -f mean -i 0 -s 1 -w 10 -n 200 -k 4 -q 0 &
cd ~/sched/workspace/SumSat; nice -n 19 python demo.py -c BeamWalkNext -p NK -a rLS -f mean -i 0 -s 1 -w 15 -n 200 -k 4 -q 0 &
cd ~/sched/workspace/SumSat; nice -n 19 python demo.py -c BeamWalkNext -p NK -a rLS -f mean -i 0 -s 1 -w 20 -n 200 -k 4 -q 0 &
cd ~/sched/workspace/SumSat; nice -n 19 python demo.py -c BeamWalkNext -p NK -a rLS -f mean -i 0 -s 1 -w 25 -n 200 -k 4 -q 0 &
cd ~/sched/workspace/SumSat; nice -n 19 python demo.py -c BeamWalkNext -p NK -a rLS -f mean -i 0 -s 1 -w 30 -n 200 -k 4 -q 0 &
cd ~/sched/workspace/SumSat; nice -n 19 python demo.py -c BeamWalkNext -p NK -a rLS -f mean -i 0 -s 1 -w 35 -n 200 -k 4 -q 0 &
cd ~/sched/workspace/SumSat; nice -n 19 python demo.py -c BeamWalkNext -p NK -a rLS -f mean -i 0 -s 1 -w 40 -n 200 -k 4 -q 0 &
cd ~/sched/workspace/SumSat; nice -n 19 python demo.py -c BeamWalkNext -p NK -a rLS -f mean -i 0 -s 1 -w 45 -n 200 -k 4 -q 0 &
cd ~/sched/workspace/SumSat; nice -n 19 python demo.py -c BeamWalkNext -p NK -a rLS -f mean -i 0 -s 1 -w 50 -n 200 -k 4 -q 0 &
cd ~/sched/workspace/SumSat; nice -n 19 python demo.py -c BeamWalkNext -p NKQ -a rLS -f mean -i 0 -s 1 -w 1 -n 200 -k 4 -q 2 &
cd ~/sched/workspace/SumSat; nice -n 19 python demo.py -c BeamWalkNext -p NKQ -a rLS -f mean -i 0 -s 1 -w 5 -n 200 -k 4 -q 2 &
cd ~/sched/workspace/SumSat; nice -n 19 python demo.py -c BeamWalkNext -p NKQ -a rLS -f mean -i 0 -s 1 -w 10 -n 200 -k 4 -q 2 &
cd ~/sched/workspace/SumSat; nice -n 19 python demo.py -c BeamWalkNext -p NKQ -a rLS -f mean -i 0 -s 1 -w 15 -n 200 -k 4 -q 2 &
cd ~/sched/workspace/SumSat; nice -n 19 python demo.py -c BeamWalkNext -p NKQ -a rLS -f mean -i 0 -s 1 -w 20 -n 200 -k 4 -q 2 &
cd ~/sched/workspace/SumSat; nice -n 19 python demo.py -c BeamWalkNext -p NKQ -a rLS -f mean -i 0 -s 1 -w 25 -n 200 -k 4 -q 2 &
cd ~/sched/workspace/SumSat; nice -n 19 python demo.py -c BeamWalkNext -p NKQ -a rLS -f mean -i 0 -s 1 -w 30 -n 200 -k 4 -q 2 &
cd ~/sched/workspace/SumSat; nice -n 19 python demo.py -c BeamWalkNext -p NKQ -a rLS -f mean -i 0 -s 1 -w 35 -n 200 -k 4 -q 2 &
cd ~/sched/workspace/SumSat; nice -n 19 python demo.py -c BeamWalkNext -p NKQ -a rLS -f mean -i 0 -s 1 -w 40 -n 200 -k 4 -q 2 &
cd ~/sched/workspace/SumSat; nice -n 19 python demo.py -c BeamWalkNext -p NKQ -a rLS -f mean -i 0 -s 1 -w 45 -n 200 -k 4 -q 2 &
cd ~/sched/workspace/SumSat; nice -n 19 python demo.py -c BeamWalkNext -p NKQ -a rLS -f mean -i 0 -s 1 -w 50 -n 200 -k 4 -q 2 &
cd ~/sched/workspace/SumSat; nice -n 19 python demo.py -c BeamWalk -p NK -a rLS -f mean -i 0 -s 1 -w 1 -n 200 -k 4 -q 0 &
cd ~/sched/workspace/SumSat; nice -n 19 python demo.py -c BeamWalk -p NK -a rLS -f mean -i 0 -s 1 -w 5 -n 200 -k 4 -q 0 &
cd ~/sched/workspace/SumSat; nice -n 19 python demo.py -c BeamWalk -p NK -a rLS -f mean -i 0 -s 1 -w 10 -n 200 -k 4 -q 0 &
cd ~/sched/workspace/SumSat; nice -n 19 python demo.py -c BeamWalk -p NK -a rLS -f mean -i 0 -s 1 -w 15 -n 200 -k 4 -q 0 &
cd ~/sched/workspace/SumSat; nice -n 19 python demo.py -c BeamWalk -p NK -a rLS -f mean -i 0 -s 1 -w 20 -n 200 -k 4 -q 0 &
cd ~/sched/workspace/SumSat; nice -n 19 python demo.py -c BeamWalk -p NK -a rLS -f mean -i 0 -s 1 -w 25 -n 200 -k 4 -q 0 &
cd ~/sched/workspace/SumSat; nice -n 19 python demo.py -c BeamWalk -p NK -a rLS -f mean -i 0 -s 1 -w 30 -n 200 -k 4 -q 0 &
cd ~/sched/workspace/SumSat; nice -n 19 python demo.py -c BeamWalk -p NK -a rLS -f mean -i 0 -s 1 -w 35 -n 200 -k 4 -q 0 &
cd ~/sched/workspace/SumSat; nice -n 19 python demo.py -c BeamWalk -p NK -a rLS -f mean -i 0 -s 1 -w 40 -n 200 -k 4 -q 0 &
cd ~/sched/workspace/SumSat; nice -n 19 python demo.py -c BeamWalk -p NK -a rLS -f mean -i 0 -s 1 -w 45 -n 200 -k 4 -q 0 &
cd ~/sched/workspace/SumSat; nice -n 19 python demo.py -c BeamWalk -p NK -a rLS -f mean -i 0 -s 1 -w 50 -n 200 -k 4 -q 0 &
cd ~/sched/workspace/SumSat; nice -n 19 python demo.py -c BeamWalk -p NKQ -a rLS -f mean -i 0 -s 1 -w 1 -n 200 -k 4 -q 2 &
cd ~/sched/workspace/SumSat; nice -n 19 python demo.py -c BeamWalk -p NKQ -a rLS -f mean -i 0 -s 1 -w 5 -n 200 -k 4 -q 2 &
cd ~/sched/workspace/SumSat; nice -n 19 python demo.py -c BeamWalk -p NKQ -a rLS -f mean -i 0 -s 1 -w 10 -n 200 -k 4 -q 2 &
cd ~/sched/workspace/SumSat; nice -n 19 python demo.py -c BeamWalk -p NKQ -a rLS -f mean -i 0 -s 1 -w 15 -n 200 -k 4 -q 2 &
cd ~/sched/workspace/SumSat; nice -n 19 python demo.py -c BeamWalk -p NKQ -a rLS -f mean -i 0 -s 1 -w 20 -n 200 -k 4 -q 2 &
cd ~/sched/workspace/SumSat; nice -n 19 python demo.py -c BeamWalk -p NKQ -a rLS -f mean -i 0 -s 1 -w 25 -n 200 -k 4 -q 2 &
cd ~/sched/workspace/SumSat; nice -n 19 python demo.py -c BeamWalk -p NKQ -a rLS -f mean -i 0 -s 1 -w 30 -n 200 -k 4 -q 2 &
cd ~/sched/workspace/SumSat; nice -n 19 python demo.py -c BeamWalk -p NKQ -a rLS -f mean -i 0 -s 1 -w 35 -n 200 -k 4 -q 2 &
cd ~/sched/workspace/SumSat; nice -n 19 python demo.py -c BeamWalk -p NKQ -a rLS -f mean -i 0 -s 1 -w 40 -n 200 -k 4 -q 2 &
cd ~/sched/workspace/SumSat; nice -n 19 python demo.py -c BeamWalk -p NKQ -a rLS -f mean -i 0 -s 1 -w 45 -n 200 -k 4 -q 2 &
cd ~/sched/workspace/SumSat; nice -n 19 python demo.py -c BeamWalk -p NKQ -a rLS -f mean -i 0 -s 1 -w 50 -n 200 -k 4 -q 2 &
cd ~/sched/workspace/SumSat; nice -n 19 python demo.py -c BeamWalkNext -p NK -a rLS -f fit -i 0 -s 1 -w 1 -n 500 -k 4 -q 0 &
cd ~/sched/workspace/SumSat; nice -n 19 python demo.py -c BeamWalkNext -p NK -a rLS -f fit -i 0 -s 1 -w 5 -n 500 -k 4 -q 0 &
cd ~/sched/workspace/SumSat; nice -n 19 python demo.py -c BeamWalkNext -p NK -a rLS -f fit -i 0 -s 1 -w 10 -n 500 -k 4 -q 0 &
cd ~/sched/workspace/SumSat; nice -n 19 python demo.py -c BeamWalkNext -p NK -a rLS -f fit -i 0 -s 1 -w 15 -n 500 -k 4 -q 0 &
cd ~/sched/workspace/SumSat; nice -n 19 python demo.py -c BeamWalkNext -p NK -a rLS -f fit -i 0 -s 1 -w 20 -n 500 -k 4 -q 0 &
cd ~/sched/workspace/SumSat; nice -n 19 python demo.py -c BeamWalkNext -p NK -a rLS -f fit -i 0 -s 1 -w 25 -n 500 -k 4 -q 0 &
cd ~/sched/workspace/SumSat; nice -n 19 python demo.py -c BeamWalkNext -p NK -a rLS -f fit -i 0 -s 1 -w 30 -n 500 -k 4 -q 0 &
cd ~/sched/workspace/SumSat; nice -n 19 python demo.py -c BeamWalkNext -p NK -a rLS -f fit -i 0 -s 1 -w 35 -n 500 -k 4 -q 0 &
cd ~/sched/workspace/SumSat; nice -n 19 python demo.py -c BeamWalkNext -p NK -a rLS -f fit -i 0 -s 1 -w 40 -n 500 -k 4 -q 0 &
cd ~/sched/workspace/SumSat; nice -n 19 python demo.py -c BeamWalkNext -p NK -a rLS -f fit -i 0 -s 1 -w 45 -n 500 -k 4 -q 0 &
cd ~/sched/workspace/SumSat; nice -n 19 python demo.py -c BeamWalkNext -p NK -a rLS -f fit -i 0 -s 1 -w 50 -n 500 -k 4 -q 0 &
cd ~/sched/workspace/SumSat; nice -n 19 python demo.py -c BeamWalkNext -p NKQ -a rLS -f fit -i 0 -s 1 -w 1 -n 500 -k 4 -q 2 &
cd ~/sched/workspace/SumSat; nice -n 19 python demo.py -c BeamWalkNext -p NKQ -a rLS -f fit -i 0 -s 1 -w 5 -n 500 -k 4 -q 2 &
cd ~/sched/workspace/SumSat; nice -n 19 python demo.py -c BeamWalkNext -p NKQ -a rLS -f fit -i 0 -s 1 -w 10 -n 500 -k 4 -q 2 &
cd ~/sched/workspace/SumSat; nice -n 19 python demo.py -c BeamWalkNext -p NKQ -a rLS -f fit -i 0 -s 1 -w 15 -n 500 -k 4 -q 2 &
cd ~/sched/workspace/SumSat; nice -n 19 python demo.py -c BeamWalkNext -p NKQ -a rLS -f fit -i 0 -s 1 -w 20 -n 500 -k 4 -q 2 &
cd ~/sched/workspace/SumSat; nice -n 19 python demo.py -c BeamWalkNext -p NKQ -a rLS -f fit -i 0 -s 1 -w 25 -n 500 -k 4 -q 2 &
cd ~/sched/workspace/SumSat; nice -n 19 python demo.py -c BeamWalkNext -p NKQ -a rLS -f fit -i 0 -s 1 -w 30 -n 500 -k 4 -q 2 &
cd ~/sched/workspace/SumSat; nice -n 19 python demo.py -c BeamWalkNext -p NKQ -a rLS -f fit -i 0 -s 1 -w 35 -n 500 -k 4 -q 2 &
cd ~/sched/workspace/SumSat; nice -n 19 python demo.py -c BeamWalkNext -p NKQ -a rLS -f fit -i 0 -s 1 -w 40 -n 500 -k 4 -q 2 &
cd ~/sched/workspace/SumSat; nice -n 19 python demo.py -c BeamWalkNext -p NKQ -a rLS -f fit -i 0 -s 1 -w 45 -n 500 -k 4 -q 2 &
cd ~/sched/workspace/SumSat; nice -n 19 python demo.py -c BeamWalkNext -p NKQ -a rLS -f fit -i 0 -s 1 -w 50 -n 500 -k 4 -q 2 &
cd ~/sched/workspace/SumSat; nice -n 19 python demo.py -c BeamWalk -p NK -a rLS -f fit -i 0 -s 1 -w 1 -n 500 -k 4 -q 0 &
cd ~/sched/workspace/SumSat; nice -n 19 python demo.py -c BeamWalk -p NK -a rLS -f fit -i 0 -s 1 -w 5 -n 500 -k 4 -q 0 &
cd ~/sched/workspace/SumSat; nice -n 19 python demo.py -c BeamWalk -p NK -a rLS -f fit -i 0 -s 1 -w 10 -n 500 -k 4 -q 0 &
cd ~/sched/workspace/SumSat; nice -n 19 python demo.py -c BeamWalk -p NK -a rLS -f fit -i 0 -s 1 -w 15 -n 500 -k 4 -q 0 &
cd ~/sched/workspace/SumSat; nice -n 19 python demo.py -c BeamWalk -p NK -a rLS -f fit -i 0 -s 1 -w 20 -n 500 -k 4 -q 0 &
cd ~/sched/workspace/SumSat; nice -n 19 python demo.py -c BeamWalk -p NK -a rLS -f fit -i 0 -s 1 -w 25 -n 500 -k 4 -q 0 &
cd ~/sched/workspace/SumSat; nice -n 19 python demo.py -c BeamWalk -p NK -a rLS -f fit -i 0 -s 1 -w 30 -n 500 -k 4 -q 0 &
cd ~/sched/workspace/SumSat; nice -n 19 python demo.py -c BeamWalk -p NK -a rLS -f fit -i 0 -s 1 -w 35 -n 500 -k 4 -q 0 &
cd ~/sched/workspace/SumSat; nice -n 19 python demo.py -c BeamWalk -p NK -a rLS -f fit -i 0 -s 1 -w 40 -n 500 -k 4 -q 0 &
cd ~/sched/workspace/SumSat; nice -n 19 python demo.py -c BeamWalk -p NK -a rLS -f fit -i 0 -s 1 -w 45 -n 500 -k 4 -q 0 &
cd ~/sched/workspace/SumSat; nice -n 19 python demo.py -c BeamWalk -p NK -a rLS -f fit -i 0 -s 1 -w 50 -n 500 -k 4 -q 0 &
cd ~/sched/workspace/SumSat; nice -n 19 python demo.py -c BeamWalk -p NKQ -a rLS -f fit -i 0 -s 1 -w 1 -n 500 -k 4 -q 2 &
cd ~/sched/workspace/SumSat; nice -n 19 python demo.py -c BeamWalk -p NKQ -a rLS -f fit -i 0 -s 1 -w 5 -n 500 -k 4 -q 2 &
cd ~/sched/workspace/SumSat; nice -n 19 python demo.py -c BeamWalk -p NKQ -a rLS -f fit -i 0 -s 1 -w 10 -n 500 -k 4 -q 2 &
cd ~/sched/workspace/SumSat; nice -n 19 python demo.py -c BeamWalk -p NKQ -a rLS -f fit -i 0 -s 1 -w 15 -n 500 -k 4 -q 2 &
cd ~/sched/workspace/SumSat; nice -n 19 python demo.py -c BeamWalk -p NKQ -a rLS -f fit -i 0 -s 1 -w 20 -n 500 -k 4 -q 2 &
cd ~/sched/workspace/SumSat; nice -n 19 python demo.py -c BeamWalk -p NKQ -a rLS -f fit -i 0 -s 1 -w 25 -n 500 -k 4 -q 2 &
cd ~/sched/workspace/SumSat; nice -n 19 python demo.py -c BeamWalk -p NKQ -a rLS -f fit -i 0 -s 1 -w 30 -n 500 -k 4 -q 2 &
cd ~/sched/workspace/SumSat; nice -n 19 python demo.py -c BeamWalk -p NKQ -a rLS -f fit -i 0 -s 1 -w 35 -n 500 -k 4 -q 2 &
cd ~/sched/workspace/SumSat; nice -n 19 python demo.py -c BeamWalk -p NKQ -a rLS -f fit -i 0 -s 1 -w 40 -n 500 -k 4 -q 2 &
cd ~/sched/workspace/SumSat; nice -n 19 python demo.py -c BeamWalk -p NKQ -a rLS -f fit -i 0 -s 1 -w 45 -n 500 -k 4 -q 2 &
cd ~/sched/workspace/SumSat; nice -n 19 python demo.py -c BeamWalk -p NKQ -a rLS -f fit -i 0 -s 1 -w 50 -n 500 -k 4 -q 2 &
cd ~/sched/workspace/SumSat; nice -n 19 python demo.py -c BeamWalkNext -p NK -a rLS -f mean -i 0 -s 1 -w 1 -n 500 -k 4 -q 0 &
cd ~/sched/workspace/SumSat; nice -n 19 python demo.py -c BeamWalkNext -p NK -a rLS -f mean -i 0 -s 1 -w 5 -n 500 -k 4 -q 0 &
cd ~/sched/workspace/SumSat; nice -n 19 python demo.py -c BeamWalkNext -p NK -a rLS -f mean -i 0 -s 1 -w 10 -n 500 -k 4 -q 0 &
cd ~/sched/workspace/SumSat; nice -n 19 python demo.py -c BeamWalkNext -p NK -a rLS -f mean -i 0 -s 1 -w 15 -n 500 -k 4 -q 0 &
cd ~/sched/workspace/SumSat; nice -n 19 python demo.py -c BeamWalkNext -p NK -a rLS -f mean -i 0 -s 1 -w 20 -n 500 -k 4 -q 0 &
cd ~/sched/workspace/SumSat; nice -n 19 python demo.py -c BeamWalkNext -p NK -a rLS -f mean -i 0 -s 1 -w 25 -n 500 -k 4 -q 0 &
cd ~/sched/workspace/SumSat; nice -n 19 python demo.py -c BeamWalkNext -p NK -a rLS -f mean -i 0 -s 1 -w 30 -n 500 -k 4 -q 0 &
cd ~/sched/workspace/SumSat; nice -n 19 python demo.py -c BeamWalkNext -p NK -a rLS -f mean -i 0 -s 1 -w 35 -n 500 -k 4 -q 0 &
cd ~/sched/workspace/SumSat; nice -n 19 python demo.py -c BeamWalkNext -p NK -a rLS -f mean -i 0 -s 1 -w 40 -n 500 -k 4 -q 0 &
cd ~/sched/workspace/SumSat; nice -n 19 python demo.py -c BeamWalkNext -p NK -a rLS -f mean -i 0 -s 1 -w 45 -n 500 -k 4 -q 0 &
cd ~/sched/workspace/SumSat; nice -n 19 python demo.py -c BeamWalkNext -p NK -a rLS -f mean -i 0 -s 1 -w 50 -n 500 -k 4 -q 0 &
cd ~/sched/workspace/SumSat; nice -n 19 python demo.py -c BeamWalkNext -p NKQ -a rLS -f mean -i 0 -s 1 -w 1 -n 500 -k 4 -q 2 &
cd ~/sched/workspace/SumSat; nice -n 19 python demo.py -c BeamWalkNext -p NKQ -a rLS -f mean -i 0 -s 1 -w 5 -n 500 -k 4 -q 2 &
cd ~/sched/workspace/SumSat; nice -n 19 python demo.py -c BeamWalkNext -p NKQ -a rLS -f mean -i 0 -s 1 -w 10 -n 500 -k 4 -q 2 &
cd ~/sched/workspace/SumSat; nice -n 19 python demo.py -c BeamWalkNext -p NKQ -a rLS -f mean -i 0 -s 1 -w 15 -n 500 -k 4 -q 2 &
cd ~/sched/workspace/SumSat; nice -n 19 python demo.py -c BeamWalkNext -p NKQ -a rLS -f mean -i 0 -s 1 -w 20 -n 500 -k 4 -q 2 &
cd ~/sched/workspace/SumSat; nice -n 19 python demo.py -c BeamWalkNext -p NKQ -a rLS -f mean -i 0 -s 1 -w 25 -n 500 -k 4 -q 2 &
cd ~/sched/workspace/SumSat; nice -n 19 python demo.py -c BeamWalkNext -p NKQ -a rLS -f mean -i 0 -s 1 -w 30 -n 500 -k 4 -q 2 &
cd ~/sched/workspace/SumSat; nice -n 19 python demo.py -c BeamWalkNext -p NKQ -a rLS -f mean -i 0 -s 1 -w 35 -n 500 -k 4 -q 2 &
cd ~/sched/workspace/SumSat; nice -n 19 python demo.py -c BeamWalkNext -p NKQ -a rLS -f mean -i 0 -s 1 -w 40 -n 500 -k 4 -q 2 &
cd ~/sched/workspace/SumSat; nice -n 19 python demo.py -c BeamWalkNext -p NKQ -a rLS -f mean -i 0 -s 1 -w 45 -n 500 -k 4 -q 2 &
cd ~/sched/workspace/SumSat; nice -n 19 python demo.py -c BeamWalkNext -p NKQ -a rLS -f mean -i 0 -s 1 -w 50 -n 500 -k 4 -q 2 &
cd ~/sched/workspace/SumSat; nice -n 19 python demo.py -c BeamWalk -p NK -a rLS -f mean -i 0 -s 1 -w 1 -n 500 -k 4 -q 0 &
cd ~/sched/workspace/SumSat; nice -n 19 python demo.py -c BeamWalk -p NK -a rLS -f mean -i 0 -s 1 -w 5 -n 500 -k 4 -q 0 &
cd ~/sched/workspace/SumSat; nice -n 19 python demo.py -c BeamWalk -p NK -a rLS -f mean -i 0 -s 1 -w 10 -n 500 -k 4 -q 0 &
cd ~/sched/workspace/SumSat; nice -n 19 python demo.py -c BeamWalk -p NK -a rLS -f mean -i 0 -s 1 -w 15 -n 500 -k 4 -q 0 &
cd ~/sched/workspace/SumSat; nice -n 19 python demo.py -c BeamWalk -p NK -a rLS -f mean -i 0 -s 1 -w 20 -n 500 -k 4 -q 0 &
cd ~/sched/workspace/SumSat; nice -n 19 python demo.py -c BeamWalk -p NK -a rLS -f mean -i 0 -s 1 -w 25 -n 500 -k 4 -q 0 &
cd ~/sched/workspace/SumSat; nice -n 19 python demo.py -c BeamWalk -p NK -a rLS -f mean -i 0 -s 1 -w 30 -n 500 -k 4 -q 0 &
cd ~/sched/workspace/SumSat; nice -n 19 python demo.py -c BeamWalk -p NK -a rLS -f mean -i 0 -s 1 -w 35 -n 500 -k 4 -q 0 &
cd ~/sched/workspace/SumSat; nice -n 19 python demo.py -c BeamWalk -p NK -a rLS -f mean -i 0 -s 1 -w 40 -n 500 -k 4 -q 0 &
cd ~/sched/workspace/SumSat; nice -n 19 python demo.py -c BeamWalk -p NK -a rLS -f mean -i 0 -s 1 -w 45 -n 500 -k 4 -q 0 &
cd ~/sched/workspace/SumSat; nice -n 19 python demo.py -c BeamWalk -p NK -a rLS -f mean -i 0 -s 1 -w 50 -n 500 -k 4 -q 0 &
cd ~/sched/workspace/SumSat; nice -n 19 python demo.py -c BeamWalk -p NKQ -a rLS -f mean -i 0 -s 1 -w 1 -n 500 -k 4 -q 2 &
cd ~/sched/workspace/SumSat; nice -n 19 python demo.py -c BeamWalk -p NKQ -a rLS -f mean -i 0 -s 1 -w 5 -n 500 -k 4 -q 2 &
cd ~/sched/workspace/SumSat; nice -n 19 python demo.py -c BeamWalk -p NKQ -a rLS -f mean -i 0 -s 1 -w 10 -n 500 -k 4 -q 2 &
cd ~/sched/workspace/SumSat; nice -n 19 python demo.py -c BeamWalk -p NKQ -a rLS -f mean -i 0 -s 1 -w 15 -n 500 -k 4 -q 2 &
cd ~/sched/workspace/SumSat; nice -n 19 python demo.py -c BeamWalk -p NKQ -a rLS -f mean -i 0 -s 1 -w 20 -n 500 -k 4 -q 2 &
cd ~/sched/workspace/SumSat; nice -n 19 python demo.py -c BeamWalk -p NKQ -a rLS -f mean -i 0 -s 1 -w 25 -n 500 -k 4 -q 2 &
cd ~/sched/workspace/SumSat; nice -n 19 python demo.py -c BeamWalk -p NKQ -a rLS -f mean -i 0 -s 1 -w 30 -n 500 -k 4 -q 2 &
cd ~/sched/workspace/SumSat; nice -n 19 python demo.py -c BeamWalk -p NKQ -a rLS -f mean -i 0 -s 1 -w 35 -n 500 -k 4 -q 2 &
cd ~/sched/workspace/SumSat; nice -n 19 python demo.py -c BeamWalk -p NKQ -a rLS -f mean -i 0 -s 1 -w 40 -n 500 -k 4 -q 2 &
cd ~/sched/workspace/SumSat; nice -n 19 python demo.py -c BeamWalk -p NKQ -a rLS -f mean -i 0 -s 1 -w 45 -n 500 -k 4 -q 2 &
cd ~/sched/workspace/SumSat; nice -n 19 python demo.py -c BeamWalk -p NKQ -a rLS -f mean -i 0 -s 1 -w 50 -n 500 -k 4 -q 2 &
cd ~/sched/workspace/SumSat; nice -n 19 python demo.py -c BeamWalkNext -p NK -a rLS -f fit -i 0 -s 1 -w 1 -n 1000 -k 4 -q 0 &
cd ~/sched/workspace/SumSat; nice -n 19 python demo.py -c BeamWalkNext -p NK -a rLS -f fit -i 0 -s 1 -w 5 -n 1000 -k 4 -q 0 &
cd ~/sched/workspace/SumSat; nice -n 19 python demo.py -c BeamWalkNext -p NK -a rLS -f fit -i 0 -s 1 -w 10 -n 1000 -k 4 -q 0 &
cd ~/sched/workspace/SumSat; nice -n 19 python demo.py -c BeamWalkNext -p NK -a rLS -f fit -i 0 -s 1 -w 15 -n 1000 -k 4 -q 0 &
cd ~/sched/workspace/SumSat; nice -n 19 python demo.py -c BeamWalkNext -p NK -a rLS -f fit -i 0 -s 1 -w 20 -n 1000 -k 4 -q 0 &
cd ~/sched/workspace/SumSat; nice -n 19 python demo.py -c BeamWalkNext -p NK -a rLS -f fit -i 0 -s 1 -w 25 -n 1000 -k 4 -q 0 &
cd ~/sched/workspace/SumSat; nice -n 19 python demo.py -c BeamWalkNext -p NK -a rLS -f fit -i 0 -s 1 -w 30 -n 1000 -k 4 -q 0 &
cd ~/sched/workspace/SumSat; nice -n 19 python demo.py -c BeamWalkNext -p NK -a rLS -f fit -i 0 -s 1 -w 35 -n 1000 -k 4 -q 0 &
cd ~/sched/workspace/SumSat; nice -n 19 python demo.py -c BeamWalkNext -p NK -a rLS -f fit -i 0 -s 1 -w 40 -n 1000 -k 4 -q 0 &
cd ~/sched/workspace/SumSat; nice -n 19 python demo.py -c BeamWalkNext -p NK -a rLS -f fit -i 0 -s 1 -w 45 -n 1000 -k 4 -q 0 &
cd ~/sched/workspace/SumSat; nice -n 19 python demo.py -c BeamWalkNext -p NK -a rLS -f fit -i 0 -s 1 -w 50 -n 1000 -k 4 -q 0 &
cd ~/sched/workspace/SumSat; nice -n 19 python demo.py -c BeamWalkNext -p NKQ -a rLS -f fit -i 0 -s 1 -w 1 -n 1000 -k 4 -q 2 &
cd ~/sched/workspace/SumSat; nice -n 19 python demo.py -c BeamWalkNext -p NKQ -a rLS -f fit -i 0 -s 1 -w 5 -n 1000 -k 4 -q 2 &
cd ~/sched/workspace/SumSat; nice -n 19 python demo.py -c BeamWalkNext -p NKQ -a rLS -f fit -i 0 -s 1 -w 10 -n 1000 -k 4 -q 2 &
cd ~/sched/workspace/SumSat; nice -n 19 python demo.py -c BeamWalkNext -p NKQ -a rLS -f fit -i 0 -s 1 -w 15 -n 1000 -k 4 -q 2 &
cd ~/sched/workspace/SumSat; nice -n 19 python demo.py -c BeamWalkNext -p NKQ -a rLS -f fit -i 0 -s 1 -w 20 -n 1000 -k 4 -q 2 &
cd ~/sched/workspace/SumSat; nice -n 19 python demo.py -c BeamWalkNext -p NKQ -a rLS -f fit -i 0 -s 1 -w 25 -n 1000 -k 4 -q 2 &
cd ~/sched/workspace/SumSat; nice -n 19 python demo.py -c BeamWalkNext -p NKQ -a rLS -f fit -i 0 -s 1 -w 30 -n 1000 -k 4 -q 2 &
cd ~/sched/workspace/SumSat; nice -n 19 python demo.py -c BeamWalkNext -p NKQ -a rLS -f fit -i 0 -s 1 -w 35 -n 1000 -k 4 -q 2 &
cd ~/sched/workspace/SumSat; nice -n 19 python demo.py -c BeamWalkNext -p NKQ -a rLS -f fit -i 0 -s 1 -w 40 -n 1000 -k 4 -q 2 &
cd ~/sched/workspace/SumSat; nice -n 19 python demo.py -c BeamWalkNext -p NKQ -a rLS -f fit -i 0 -s 1 -w 45 -n 1000 -k 4 -q 2 &
cd ~/sched/workspace/SumSat; nice -n 19 python demo.py -c BeamWalkNext -p NKQ -a rLS -f fit -i 0 -s 1 -w 50 -n 1000 -k 4 -q 2 &
cd ~/sched/workspace/SumSat; nice -n 19 python demo.py -c BeamWalk -p NK -a rLS -f fit -i 0 -s 1 -w 1 -n 1000 -k 4 -q 0 &
cd ~/sched/workspace/SumSat; nice -n 19 python demo.py -c BeamWalk -p NK -a rLS -f fit -i 0 -s 1 -w 5 -n 1000 -k 4 -q 0 &
cd ~/sched/workspace/SumSat; nice -n 19 python demo.py -c BeamWalk -p NK -a rLS -f fit -i 0 -s 1 -w 10 -n 1000 -k 4 -q 0 &
cd ~/sched/workspace/SumSat; nice -n 19 python demo.py -c BeamWalk -p NK -a rLS -f fit -i 0 -s 1 -w 15 -n 1000 -k 4 -q 0 &
cd ~/sched/workspace/SumSat; nice -n 19 python demo.py -c BeamWalk -p NK -a rLS -f fit -i 0 -s 1 -w 20 -n 1000 -k 4 -q 0 &
cd ~/sched/workspace/SumSat; nice -n 19 python demo.py -c BeamWalk -p NK -a rLS -f fit -i 0 -s 1 -w 25 -n 1000 -k 4 -q 0 &
cd ~/sched/workspace/SumSat; nice -n 19 python demo.py -c BeamWalk -p NK -a rLS -f fit -i 0 -s 1 -w 30 -n 1000 -k 4 -q 0 &
cd ~/sched/workspace/SumSat; nice -n 19 python demo.py -c BeamWalk -p NK -a rLS -f fit -i 0 -s 1 -w 35 -n 1000 -k 4 -q 0 &
cd ~/sched/workspace/SumSat; nice -n 19 python demo.py -c BeamWalk -p NK -a rLS -f fit -i 0 -s 1 -w 40 -n 1000 -k 4 -q 0 &
cd ~/sched/workspace/SumSat; nice -n 19 python demo.py -c BeamWalk -p NK -a rLS -f fit -i 0 -s 1 -w 45 -n 1000 -k 4 -q 0 &
cd ~/sched/workspace/SumSat; nice -n 19 python demo.py -c BeamWalk -p NK -a rLS -f fit -i 0 -s 1 -w 50 -n 1000 -k 4 -q 0 &
cd ~/sched/workspace/SumSat; nice -n 19 python demo.py -c BeamWalk -p NKQ -a rLS -f fit -i 0 -s 1 -w 1 -n 1000 -k 4 -q 2 &
cd ~/sched/workspace/SumSat; nice -n 19 python demo.py -c BeamWalk -p NKQ -a rLS -f fit -i 0 -s 1 -w 5 -n 1000 -k 4 -q 2 &
cd ~/sched/workspace/SumSat; nice -n 19 python demo.py -c BeamWalk -p NKQ -a rLS -f fit -i 0 -s 1 -w 10 -n 1000 -k 4 -q 2 &
cd ~/sched/workspace/SumSat; nice -n 19 python demo.py -c BeamWalk -p NKQ -a rLS -f fit -i 0 -s 1 -w 15 -n 1000 -k 4 -q 2 &
cd ~/sched/workspace/SumSat; nice -n 19 python demo.py -c BeamWalk -p NKQ -a rLS -f fit -i 0 -s 1 -w 20 -n 1000 -k 4 -q 2 &
cd ~/sched/workspace/SumSat; nice -n 19 python demo.py -c BeamWalk -p NKQ -a rLS -f fit -i 0 -s 1 -w 25 -n 1000 -k 4 -q 2 &
cd ~/sched/workspace/SumSat; nice -n 19 python demo.py -c BeamWalk -p NKQ -a rLS -f fit -i 0 -s 1 -w 30 -n 1000 -k 4 -q 2 &
cd ~/sched/workspace/SumSat; nice -n 19 python demo.py -c BeamWalk -p NKQ -a rLS -f fit -i 0 -s 1 -w 35 -n 1000 -k 4 -q 2 &
cd ~/sched/workspace/SumSat; nice -n 19 python demo.py -c BeamWalk -p NKQ -a rLS -f fit -i 0 -s 1 -w 40 -n 1000 -k 4 -q 2 &
cd ~/sched/workspace/SumSat; nice -n 19 python demo.py -c BeamWalk -p NKQ -a rLS -f fit -i 0 -s 1 -w 45 -n 1000 -k 4 -q 2 &
cd ~/sched/workspace/SumSat; nice -n 19 python demo.py -c BeamWalk -p NKQ -a rLS -f fit -i 0 -s 1 -w 50 -n 1000 -k 4 -q 2 &
cd ~/sched/workspace/SumSat; nice -n 19 python demo.py -c BeamWalkNext -p NK -a rLS -f mean -i 0 -s 1 -w 1 -n 1000 -k 4 -q 0 &
cd ~/sched/workspace/SumSat; nice -n 19 python demo.py -c BeamWalkNext -p NK -a rLS -f mean -i 0 -s 1 -w 5 -n 1000 -k 4 -q 0 &
cd ~/sched/workspace/SumSat; nice -n 19 python demo.py -c BeamWalkNext -p NK -a rLS -f mean -i 0 -s 1 -w 10 -n 1000 -k 4 -q 0 &
cd ~/sched/workspace/SumSat; nice -n 19 python demo.py -c BeamWalkNext -p NK -a rLS -f mean -i 0 -s 1 -w 15 -n 1000 -k 4 -q 0 &
cd ~/sched/workspace/SumSat; nice -n 19 python demo.py -c BeamWalkNext -p NK -a rLS -f mean -i 0 -s 1 -w 20 -n 1000 -k 4 -q 0 &
cd ~/sched/workspace/SumSat; nice -n 19 python demo.py -c BeamWalkNext -p NK -a rLS -f mean -i 0 -s 1 -w 25 -n 1000 -k 4 -q 0 &
cd ~/sched/workspace/SumSat; nice -n 19 python demo.py -c BeamWalkNext -p NK -a rLS -f mean -i 0 -s 1 -w 30 -n 1000 -k 4 -q 0 &
cd ~/sched/workspace/SumSat; nice -n 19 python demo.py -c BeamWalkNext -p NK -a rLS -f mean -i 0 -s 1 -w 35 -n 1000 -k 4 -q 0 &
cd ~/sched/workspace/SumSat; nice -n 19 python demo.py -c BeamWalkNext -p NK -a rLS -f mean -i 0 -s 1 -w 40 -n 1000 -k 4 -q 0 &
cd ~/sched/workspace/SumSat; nice -n 19 python demo.py -c BeamWalkNext -p NK -a rLS -f mean -i 0 -s 1 -w 45 -n 1000 -k 4 -q 0 &
cd ~/sched/workspace/SumSat; nice -n 19 python demo.py -c BeamWalkNext -p NK -a rLS -f mean -i 0 -s 1 -w 50 -n 1000 -k 4 -q 0 &
cd ~/sched/workspace/SumSat; nice -n 19 python demo.py -c BeamWalkNext -p NKQ -a rLS -f mean -i 0 -s 1 -w 1 -n 1000 -k 4 -q 2 &
cd ~/sched/workspace/SumSat; nice -n 19 python demo.py -c BeamWalkNext -p NKQ -a rLS -f mean -i 0 -s 1 -w 5 -n 1000 -k 4 -q 2 &
cd ~/sched/workspace/SumSat; nice -n 19 python demo.py -c BeamWalkNext -p NKQ -a rLS -f mean -i 0 -s 1 -w 10 -n 1000 -k 4 -q 2 &
cd ~/sched/workspace/SumSat; nice -n 19 python demo.py -c BeamWalkNext -p NKQ -a rLS -f mean -i 0 -s 1 -w 15 -n 1000 -k 4 -q 2 &
cd ~/sched/workspace/SumSat; nice -n 19 python demo.py -c BeamWalkNext -p NKQ -a rLS -f mean -i 0 -s 1 -w 20 -n 1000 -k 4 -q 2 &
cd ~/sched/workspace/SumSat; nice -n 19 python demo.py -c BeamWalkNext -p NKQ -a rLS -f mean -i 0 -s 1 -w 25 -n 1000 -k 4 -q 2 &
cd ~/sched/workspace/SumSat; nice -n 19 python demo.py -c BeamWalkNext -p NKQ -a rLS -f mean -i 0 -s 1 -w 30 -n 1000 -k 4 -q 2 &
cd ~/sched/workspace/SumSat; nice -n 19 python demo.py -c BeamWalkNext -p NKQ -a rLS -f mean -i 0 -s 1 -w 35 -n 1000 -k 4 -q 2 &
cd ~/sched/workspace/SumSat; nice -n 19 python demo.py -c BeamWalkNext -p NKQ -a rLS -f mean -i 0 -s 1 -w 40 -n 1000 -k 4 -q 2 &
cd ~/sched/workspace/SumSat; nice -n 19 python demo.py -c BeamWalkNext -p NKQ -a rLS -f mean -i 0 -s 1 -w 45 -n 1000 -k 4 -q 2 &
cd ~/sched/workspace/SumSat; nice -n 19 python demo.py -c BeamWalkNext -p NKQ -a rLS -f mean -i 0 -s 1 -w 50 -n 1000 -k 4 -q 2 &
cd ~/sched/workspace/SumSat; nice -n 19 python demo.py -c BeamWalk -p NK -a rLS -f mean -i 0 -s 1 -w 1 -n 1000 -k 4 -q 0 &
cd ~/sched/workspace/SumSat; nice -n 19 python demo.py -c BeamWalk -p NK -a rLS -f mean -i 0 -s 1 -w 5 -n 1000 -k 4 -q 0 &
cd ~/sched/workspace/SumSat; nice -n 19 python demo.py -c BeamWalk -p NK -a rLS -f mean -i 0 -s 1 -w 10 -n 1000 -k 4 -q 0 &
cd ~/sched/workspace/SumSat; nice -n 19 python demo.py -c BeamWalk -p NK -a rLS -f mean -i 0 -s 1 -w 15 -n 1000 -k 4 -q 0 &
cd ~/sched/workspace/SumSat; nice -n 19 python demo.py -c BeamWalk -p NK -a rLS -f mean -i 0 -s 1 -w 20 -n 1000 -k 4 -q 0 &
cd ~/sched/workspace/SumSat; nice -n 19 python demo.py -c BeamWalk -p NK -a rLS -f mean -i 0 -s 1 -w 25 -n 1000 -k 4 -q 0 &
cd ~/sched/workspace/SumSat; nice -n 19 python demo.py -c BeamWalk -p NK -a rLS -f mean -i 0 -s 1 -w 30 -n 1000 -k 4 -q 0 &
cd ~/sched/workspace/SumSat; nice -n 19 python demo.py -c BeamWalk -p NK -a rLS -f mean -i 0 -s 1 -w 35 -n 1000 -k 4 -q 0 &
cd ~/sched/workspace/SumSat; nice -n 19 python demo.py -c BeamWalk -p NK -a rLS -f mean -i 0 -s 1 -w 40 -n 1000 -k 4 -q 0 &
cd ~/sched/workspace/SumSat; nice -n 19 python demo.py -c BeamWalk -p NK -a rLS -f mean -i 0 -s 1 -w 45 -n 1000 -k 4 -q 0 &
cd ~/sched/workspace/SumSat; nice -n 19 python demo.py -c BeamWalk -p NK -a rLS -f mean -i 0 -s 1 -w 50 -n 1000 -k 4 -q 0 &
cd ~/sched/workspace/SumSat; nice -n 19 python demo.py -c BeamWalk -p NKQ -a rLS -f mean -i 0 -s 1 -w 1 -n 1000 -k 4 -q 2 &
cd ~/sched/workspace/SumSat; nice -n 19 python demo.py -c BeamWalk -p NKQ -a rLS -f mean -i 0 -s 1 -w 5 -n 1000 -k 4 -q 2 &
cd ~/sched/workspace/SumSat; nice -n 19 python demo.py -c BeamWalk -p NKQ -a rLS -f mean -i 0 -s 1 -w 10 -n 1000 -k 4 -q 2 &
cd ~/sched/workspace/SumSat; nice -n 19 python demo.py -c BeamWalk -p NKQ -a rLS -f mean -i 0 -s 1 -w 15 -n 1000 -k 4 -q 2 &
cd ~/sched/workspace/SumSat; nice -n 19 python demo.py -c BeamWalk -p NKQ -a rLS -f mean -i 0 -s 1 -w 20 -n 1000 -k 4 -q 2 &
cd ~/sched/workspace/SumSat; nice -n 19 python demo.py -c BeamWalk -p NKQ -a rLS -f mean -i 0 -s 1 -w 25 -n 1000 -k 4 -q 2 &
cd ~/sched/workspace/SumSat; nice -n 19 python demo.py -c BeamWalk -p NKQ -a rLS -f mean -i 0 -s 1 -w 30 -n 1000 -k 4 -q 2 &
cd ~/sched/workspace/SumSat; nice -n 19 python demo.py -c BeamWalk -p NKQ -a rLS -f mean -i 0 -s 1 -w 35 -n 1000 -k 4 -q 2 &
cd ~/sched/workspace/SumSat; nice -n 19 python demo.py -c BeamWalk -p NKQ -a rLS -f mean -i 0 -s 1 -w 40 -n 1000 -k 4 -q 2 &
cd ~/sched/workspace/SumSat; nice -n 19 python demo.py -c BeamWalk -p NKQ -a rLS -f mean -i 0 -s 1 -w 45 -n 1000 -k 4 -q 2 &
cd ~/sched/workspace/SumSat; nice -n 19 python demo.py -c BeamWalk -p NKQ -a rLS -f mean -i 0 -s 1 -w 50 -n 1000 -k 4 -q 2 &
cd ~/sched/workspace/SumSat; nice -n 19 python demo.py -c BeamWalkNext -p NK -a rLS -f fit -i 0 -s 1 -w 1 -n 2000 -k 4 -q 0 &
cd ~/sched/workspace/SumSat; nice -n 19 python demo.py -c BeamWalkNext -p NK -a rLS -f fit -i 0 -s 1 -w 5 -n 2000 -k 4 -q 0 &
cd ~/sched/workspace/SumSat; nice -n 19 python demo.py -c BeamWalkNext -p NK -a rLS -f fit -i 0 -s 1 -w 10 -n 2000 -k 4 -q 0 &
cd ~/sched/workspace/SumSat; nice -n 19 python demo.py -c BeamWalkNext -p NK -a rLS -f fit -i 0 -s 1 -w 15 -n 2000 -k 4 -q 0 &
cd ~/sched/workspace/SumSat; nice -n 19 python demo.py -c BeamWalkNext -p NK -a rLS -f fit -i 0 -s 1 -w 20 -n 2000 -k 4 -q 0 &
cd ~/sched/workspace/SumSat; nice -n 19 python demo.py -c BeamWalkNext -p NK -a rLS -f fit -i 0 -s 1 -w 25 -n 2000 -k 4 -q 0 &
cd ~/sched/workspace/SumSat; nice -n 19 python demo.py -c BeamWalkNext -p NK -a rLS -f fit -i 0 -s 1 -w 30 -n 2000 -k 4 -q 0 &
cd ~/sched/workspace/SumSat; nice -n 19 python demo.py -c BeamWalkNext -p NK -a rLS -f fit -i 0 -s 1 -w 35 -n 2000 -k 4 -q 0 &
cd ~/sched/workspace/SumSat; nice -n 19 python demo.py -c BeamWalkNext -p NK -a rLS -f fit -i 0 -s 1 -w 40 -n 2000 -k 4 -q 0 &
cd ~/sched/workspace/SumSat; nice -n 19 python demo.py -c BeamWalkNext -p NK -a rLS -f fit -i 0 -s 1 -w 45 -n 2000 -k 4 -q 0 &
cd ~/sched/workspace/SumSat; nice -n 19 python demo.py -c BeamWalkNext -p NK -a rLS -f fit -i 0 -s 1 -w 50 -n 2000 -k 4 -q 0 &
cd ~/sched/workspace/SumSat; nice -n 19 python demo.py -c BeamWalkNext -p NKQ -a rLS -f fit -i 0 -s 1 -w 1 -n 2000 -k 4 -q 2 &
cd ~/sched/workspace/SumSat; nice -n 19 python demo.py -c BeamWalkNext -p NKQ -a rLS -f fit -i 0 -s 1 -w 5 -n 2000 -k 4 -q 2 &
cd ~/sched/workspace/SumSat; nice -n 19 python demo.py -c BeamWalkNext -p NKQ -a rLS -f fit -i 0 -s 1 -w 10 -n 2000 -k 4 -q 2 &
cd ~/sched/workspace/SumSat; nice -n 19 python demo.py -c BeamWalkNext -p NKQ -a rLS -f fit -i 0 -s 1 -w 15 -n 2000 -k 4 -q 2 &
cd ~/sched/workspace/SumSat; nice -n 19 python demo.py -c BeamWalkNext -p NKQ -a rLS -f fit -i 0 -s 1 -w 20 -n 2000 -k 4 -q 2 &
cd ~/sched/workspace/SumSat; nice -n 19 python demo.py -c BeamWalkNext -p NKQ -a rLS -f fit -i 0 -s 1 -w 25 -n 2000 -k 4 -q 2 &
cd ~/sched/workspace/SumSat; nice -n 19 python demo.py -c BeamWalkNext -p NKQ -a rLS -f fit -i 0 -s 1 -w 30 -n 2000 -k 4 -q 2 &
cd ~/sched/workspace/SumSat; nice -n 19 python demo.py -c BeamWalkNext -p NKQ -a rLS -f fit -i 0 -s 1 -w 35 -n 2000 -k 4 -q 2 &
cd ~/sched/workspace/SumSat; nice -n 19 python demo.py -c BeamWalkNext -p NKQ -a rLS -f fit -i 0 -s 1 -w 40 -n 2000 -k 4 -q 2 &
cd ~/sched/workspace/SumSat; nice -n 19 python demo.py -c BeamWalkNext -p NKQ -a rLS -f fit -i 0 -s 1 -w 45 -n 2000 -k 4 -q 2 &
cd ~/sched/workspace/SumSat; nice -n 19 python demo.py -c BeamWalkNext -p NKQ -a rLS -f fit -i 0 -s 1 -w 50 -n 2000 -k 4 -q 2 &
cd ~/sched/workspace/SumSat; nice -n 19 python demo.py -c BeamWalk -p NK -a rLS -f fit -i 0 -s 1 -w 1 -n 2000 -k 4 -q 0 &
cd ~/sched/workspace/SumSat; nice -n 19 python demo.py -c BeamWalk -p NK -a rLS -f fit -i 0 -s 1 -w 5 -n 2000 -k 4 -q 0 &
cd ~/sched/workspace/SumSat; nice -n 19 python demo.py -c BeamWalk -p NK -a rLS -f fit -i 0 -s 1 -w 10 -n 2000 -k 4 -q 0 &
cd ~/sched/workspace/SumSat; nice -n 19 python demo.py -c BeamWalk -p NK -a rLS -f fit -i 0 -s 1 -w 15 -n 2000 -k 4 -q 0 &
cd ~/sched/workspace/SumSat; nice -n 19 python demo.py -c BeamWalk -p NK -a rLS -f fit -i 0 -s 1 -w 20 -n 2000 -k 4 -q 0 &
cd ~/sched/workspace/SumSat; nice -n 19 python demo.py -c BeamWalk -p NK -a rLS -f fit -i 0 -s 1 -w 25 -n 2000 -k 4 -q 0 &
cd ~/sched/workspace/SumSat; nice -n 19 python demo.py -c BeamWalk -p NK -a rLS -f fit -i 0 -s 1 -w 30 -n 2000 -k 4 -q 0 &
cd ~/sched/workspace/SumSat; nice -n 19 python demo.py -c BeamWalk -p NK -a rLS -f fit -i 0 -s 1 -w 35 -n 2000 -k 4 -q 0 &
cd ~/sched/workspace/SumSat; nice -n 19 python demo.py -c BeamWalk -p NK -a rLS -f fit -i 0 -s 1 -w 40 -n 2000 -k 4 -q 0 &
cd ~/sched/workspace/SumSat; nice -n 19 python demo.py -c BeamWalk -p NK -a rLS -f fit -i 0 -s 1 -w 45 -n 2000 -k 4 -q 0 &
cd ~/sched/workspace/SumSat; nice -n 19 python demo.py -c BeamWalk -p NK -a rLS -f fit -i 0 -s 1 -w 50 -n 2000 -k 4 -q 0 &
cd ~/sched/workspace/SumSat; nice -n 19 python demo.py -c BeamWalk -p NKQ -a rLS -f fit -i 0 -s 1 -w 1 -n 2000 -k 4 -q 2 &
cd ~/sched/workspace/SumSat; nice -n 19 python demo.py -c BeamWalk -p NKQ -a rLS -f fit -i 0 -s 1 -w 5 -n 2000 -k 4 -q 2 &
cd ~/sched/workspace/SumSat; nice -n 19 python demo.py -c BeamWalk -p NKQ -a rLS -f fit -i 0 -s 1 -w 10 -n 2000 -k 4 -q 2 &
cd ~/sched/workspace/SumSat; nice -n 19 python demo.py -c BeamWalk -p NKQ -a rLS -f fit -i 0 -s 1 -w 15 -n 2000 -k 4 -q 2 &
cd ~/sched/workspace/SumSat; nice -n 19 python demo.py -c BeamWalk -p NKQ -a rLS -f fit -i 0 -s 1 -w 20 -n 2000 -k 4 -q 2 &
cd ~/sched/workspace/SumSat; nice -n 19 python demo.py -c BeamWalk -p NKQ -a rLS -f fit -i 0 -s 1 -w 25 -n 2000 -k 4 -q 2 &
cd ~/sched/workspace/SumSat; nice -n 19 python demo.py -c BeamWalk -p NKQ -a rLS -f fit -i 0 -s 1 -w 30 -n 2000 -k 4 -q 2 &
cd ~/sched/workspace/SumSat; nice -n 19 python demo.py -c BeamWalk -p NKQ -a rLS -f fit -i 0 -s 1 -w 35 -n 2000 -k 4 -q 2 &
cd ~/sched/workspace/SumSat; nice -n 19 python demo.py -c BeamWalk -p NKQ -a rLS -f fit -i 0 -s 1 -w 40 -n 2000 -k 4 -q 2 &
cd ~/sched/workspace/SumSat; nice -n 19 python demo.py -c BeamWalk -p NKQ -a rLS -f fit -i 0 -s 1 -w 45 -n 2000 -k 4 -q 2 &
cd ~/sched/workspace/SumSat; nice -n 19 python demo.py -c BeamWalk -p NKQ -a rLS -f fit -i 0 -s 1 -w 50 -n 2000 -k 4 -q 2 &
cd ~/sched/workspace/SumSat; nice -n 19 python demo.py -c BeamWalkNext -p NK -a rLS -f mean -i 0 -s 1 -w 1 -n 2000 -k 4 -q 0 &
cd ~/sched/workspace/SumSat; nice -n 19 python demo.py -c BeamWalkNext -p NK -a rLS -f mean -i 0 -s 1 -w 5 -n 2000 -k 4 -q 0 &
cd ~/sched/workspace/SumSat; nice -n 19 python demo.py -c BeamWalkNext -p NK -a rLS -f mean -i 0 -s 1 -w 10 -n 2000 -k 4 -q 0 &
cd ~/sched/workspace/SumSat; nice -n 19 python demo.py -c BeamWalkNext -p NK -a rLS -f mean -i 0 -s 1 -w 15 -n 2000 -k 4 -q 0 &
cd ~/sched/workspace/SumSat; nice -n 19 python demo.py -c BeamWalkNext -p NK -a rLS -f mean -i 0 -s 1 -w 20 -n 2000 -k 4 -q 0 &
cd ~/sched/workspace/SumSat; nice -n 19 python demo.py -c BeamWalkNext -p NK -a rLS -f mean -i 0 -s 1 -w 25 -n 2000 -k 4 -q 0 &
cd ~/sched/workspace/SumSat; nice -n 19 python demo.py -c BeamWalkNext -p NK -a rLS -f mean -i 0 -s 1 -w 30 -n 2000 -k 4 -q 0 &
cd ~/sched/workspace/SumSat; nice -n 19 python demo.py -c BeamWalkNext -p NK -a rLS -f mean -i 0 -s 1 -w 35 -n 2000 -k 4 -q 0 &
cd ~/sched/workspace/SumSat; nice -n 19 python demo.py -c BeamWalkNext -p NK -a rLS -f mean -i 0 -s 1 -w 40 -n 2000 -k 4 -q 0 &
cd ~/sched/workspace/SumSat; nice -n 19 python demo.py -c BeamWalkNext -p NK -a rLS -f mean -i 0 -s 1 -w 45 -n 2000 -k 4 -q 0 &
cd ~/sched/workspace/SumSat; nice -n 19 python demo.py -c BeamWalkNext -p NK -a rLS -f mean -i 0 -s 1 -w 50 -n 2000 -k 4 -q 0 &
cd ~/sched/workspace/SumSat; nice -n 19 python demo.py -c BeamWalkNext -p NKQ -a rLS -f mean -i 0 -s 1 -w 1 -n 2000 -k 4 -q 2 &
cd ~/sched/workspace/SumSat; nice -n 19 python demo.py -c BeamWalkNext -p NKQ -a rLS -f mean -i 0 -s 1 -w 5 -n 2000 -k 4 -q 2 &
cd ~/sched/workspace/SumSat; nice -n 19 python demo.py -c BeamWalkNext -p NKQ -a rLS -f mean -i 0 -s 1 -w 10 -n 2000 -k 4 -q 2 &
cd ~/sched/workspace/SumSat; nice -n 19 python demo.py -c BeamWalkNext -p NKQ -a rLS -f mean -i 0 -s 1 -w 15 -n 2000 -k 4 -q 2 &
cd ~/sched/workspace/SumSat; nice -n 19 python demo.py -c BeamWalkNext -p NKQ -a rLS -f mean -i 0 -s 1 -w 20 -n 2000 -k 4 -q 2 &
cd ~/sched/workspace/SumSat; nice -n 19 python demo.py -c BeamWalkNext -p NKQ -a rLS -f mean -i 0 -s 1 -w 25 -n 2000 -k 4 -q 2 &
cd ~/sched/workspace/SumSat; nice -n 19 python demo.py -c BeamWalkNext -p NKQ -a rLS -f mean -i 0 -s 1 -w 30 -n 2000 -k 4 -q 2 &
cd ~/sched/workspace/SumSat; nice -n 19 python demo.py -c BeamWalkNext -p NKQ -a rLS -f mean -i 0 -s 1 -w 35 -n 2000 -k 4 -q 2 &
cd ~/sched/workspace/SumSat; nice -n 19 python demo.py -c BeamWalkNext -p NKQ -a rLS -f mean -i 0 -s 1 -w 40 -n 2000 -k 4 -q 2 &
cd ~/sched/workspace/SumSat; nice -n 19 python demo.py -c BeamWalkNext -p NKQ -a rLS -f mean -i 0 -s 1 -w 45 -n 2000 -k 4 -q 2 &
cd ~/sched/workspace/SumSat; nice -n 19 python demo.py -c BeamWalkNext -p NKQ -a rLS -f mean -i 0 -s 1 -w 50 -n 2000 -k 4 -q 2 &
cd ~/sched/workspace/SumSat; nice -n 19 python demo.py -c BeamWalk -p NK -a rLS -f mean -i 0 -s 1 -w 1 -n 2000 -k 4 -q 0 &
cd ~/sched/workspace/SumSat; nice -n 19 python demo.py -c BeamWalk -p NK -a rLS -f mean -i 0 -s 1 -w 5 -n 2000 -k 4 -q 0 &
cd ~/sched/workspace/SumSat; nice -n 19 python demo.py -c BeamWalk -p NK -a rLS -f mean -i 0 -s 1 -w 10 -n 2000 -k 4 -q 0 &
cd ~/sched/workspace/SumSat; nice -n 19 python demo.py -c BeamWalk -p NK -a rLS -f mean -i 0 -s 1 -w 15 -n 2000 -k 4 -q 0 &
cd ~/sched/workspace/SumSat; nice -n 19 python demo.py -c BeamWalk -p NK -a rLS -f mean -i 0 -s 1 -w 20 -n 2000 -k 4 -q 0 &
cd ~/sched/workspace/SumSat; nice -n 19 python demo.py -c BeamWalk -p NK -a rLS -f mean -i 0 -s 1 -w 25 -n 2000 -k 4 -q 0 &
cd ~/sched/workspace/SumSat; nice -n 19 python demo.py -c BeamWalk -p NK -a rLS -f mean -i 0 -s 1 -w 30 -n 2000 -k 4 -q 0 &
cd ~/sched/workspace/SumSat; nice -n 19 python demo.py -c BeamWalk -p NK -a rLS -f mean -i 0 -s 1 -w 35 -n 2000 -k 4 -q 0 &
cd ~/sched/workspace/SumSat; nice -n 19 python demo.py -c BeamWalk -p NK -a rLS -f mean -i 0 -s 1 -w 40 -n 2000 -k 4 -q 0 &
cd ~/sched/workspace/SumSat; nice -n 19 python demo.py -c BeamWalk -p NK -a rLS -f mean -i 0 -s 1 -w 45 -n 2000 -k 4 -q 0 &
cd ~/sched/workspace/SumSat; nice -n 19 python demo.py -c BeamWalk -p NK -a rLS -f mean -i 0 -s 1 -w 50 -n 2000 -k 4 -q 0 &
cd ~/sched/workspace/SumSat; nice -n 19 python demo.py -c BeamWalk -p NKQ -a rLS -f mean -i 0 -s 1 -w 1 -n 2000 -k 4 -q 2 &
cd ~/sched/workspace/SumSat; nice -n 19 python demo.py -c BeamWalk -p NKQ -a rLS -f mean -i 0 -s 1 -w 5 -n 2000 -k 4 -q 2 &
cd ~/sched/workspace/SumSat; nice -n 19 python demo.py -c BeamWalk -p NKQ -a rLS -f mean -i 0 -s 1 -w 10 -n 2000 -k 4 -q 2 &
cd ~/sched/workspace/SumSat; nice -n 19 python demo.py -c BeamWalk -p NKQ -a rLS -f mean -i 0 -s 1 -w 15 -n 2000 -k 4 -q 2 &
cd ~/sched/workspace/SumSat; nice -n 19 python demo.py -c BeamWalk -p NKQ -a rLS -f mean -i 0 -s 1 -w 20 -n 2000 -k 4 -q 2 &
cd ~/sched/workspace/SumSat; nice -n 19 python demo.py -c BeamWalk -p NKQ -a rLS -f mean -i 0 -s 1 -w 25 -n 2000 -k 4 -q 2 &
cd ~/sched/workspace/SumSat; nice -n 19 python demo.py -c BeamWalk -p NKQ -a rLS -f mean -i 0 -s 1 -w 30 -n 2000 -k 4 -q 2 &
cd ~/sched/workspace/SumSat; nice -n 19 python demo.py -c BeamWalk -p NKQ -a rLS -f mean -i 0 -s 1 -w 35 -n 2000 -k 4 -q 2 &
cd ~/sched/workspace/SumSat; nice -n 19 python demo.py -c BeamWalk -p NKQ -a rLS -f mean -i 0 -s 1 -w 40 -n 2000 -k 4 -q 2 &
cd ~/sched/workspace/SumSat; nice -n 19 python demo.py -c BeamWalk -p NKQ -a rLS -f mean -i 0 -s 1 -w 45 -n 2000 -k 4 -q 2 &
cd ~/sched/workspace/SumSat; nice -n 19 python demo.py -c BeamWalk -p NKQ -a rLS -f mean -i 0 -s 1 -w 50 -n 2000 -k 4 -q 2 &
